[debug] [2023-06-07T19:08:01.230Z] ----------------------------------------------------------------------
[debug] [2023-06-07T19:08:01.232Z] Command:       /usr/local/bin/firebase /Users/oshanik./.cache/firebase/tools/lib/node_modules/firebase-tools/lib/bin/firebase init
[debug] [2023-06-07T19:08:01.232Z] CLI Version:   12.3.1
[debug] [2023-06-07T19:08:01.233Z] Platform:      darwin
[debug] [2023-06-07T19:08:01.233Z] Node Version:  v16.16.0
[debug] [2023-06-07T19:08:01.234Z] Time:          Thu Jun 08 2023 00:38:01 GMT+0530 (India Standard Time)
[debug] [2023-06-07T19:08:01.234Z] ----------------------------------------------------------------------
[debug] 
[debug] [2023-06-07T19:08:01.244Z] > command requires scopes: ["email","openid","https://www.googleapis.com/auth/cloudplatformprojects.readonly","https://www.googleapis.com/auth/firebase","https://www.googleapis.com/auth/cloud-platform"]
[debug] [2023-06-07T19:08:01.246Z] > authorizing via signed-in user (cubuntuservices@gmail.com)
[info] 
     ######## #### ########  ######## ########     ###     ######  ########
     ##        ##  ##     ## ##       ##     ##  ##   ##  ##       ##
     ######    ##  ########  ######   ########  #########  ######  ######
     ##        ##  ##    ##  ##       ##     ## ##     ##       ## ##
     ##       #### ##     ## ######## ########  ##     ##  ######  ########

You're about to initialize a Firebase project in this directory:

  /Users/oshanik./Documents/WebDev Angela Yu/Web Development/UbuntuConsultancy

[info] 
=== Project Setup
[info] 
[info] First, let's associate this project directory with a Firebase project.
[info] You can create multiple project aliases by running firebase use --add, 
[info] but for now we'll just set up a default project.
[info] 
[debug] [2023-06-07T19:08:16.195Z] >>> [apiv2][query] GET https://firebase.googleapis.com/v1beta1/projects pageSize=100
[debug] [2023-06-07T19:08:17.088Z] <<< [apiv2][status] GET https://firebase.googleapis.com/v1beta1/projects 200
[debug] [2023-06-07T19:08:17.093Z] <<< [apiv2][body] GET https://firebase.googleapis.com/v1beta1/projects [omitted]
[info] i  Using project ubuntuconsultancy-8fdac (UbuntuConsultancy) 
[info] 
=== Hosting Setup
[info] 
[info] Your public directory is the folder (relative to your project directory) that
[info] will contain Hosting assets to be uploaded with firebase deploy. If you
[info] have a build process for your assets, use your build's output directory.
[info] 
[info] ✔  Wrote public/404.html 
[debug] [2023-06-07T19:08:55.132Z] >>> [apiv2][query] GET https://www.gstatic.com/firebasejs/releases.json [none]
[debug] [2023-06-07T19:08:55.304Z] <<< [apiv2][status] GET https://www.gstatic.com/firebasejs/releases.json 200
[debug] [2023-06-07T19:08:55.305Z] <<< [apiv2][body] GET https://www.gstatic.com/firebasejs/releases.json {"current":{"version":"9.22.1","browserURL":"https://www.gstatic.com/firebasejs/9.22.1/firebase.js","packageURL":"https://www.gstatic.com/firebasejs/9.22.1/firebase.tgz"},"live":{"version":"9.22","browserURL":"https://www.gstatic.com/firebasejs/live/9.22/firebase.js","packageURL":"https://www.gstatic.com/firebasejs/live/9.22/firebase.tgz"},"components":{"analytics":"https://www.gstatic.com/firebasejs/9.22.1/firebase-analytics.js","app":"https://www.gstatic.com/firebasejs/9.22.1/firebase-app.js","app-check":"https://www.gstatic.com/firebasejs/9.22.1/firebase-app-check.js","auth":"https://www.gstatic.com/firebasejs/9.22.1/firebase-auth.js","auth/cordova":"https://www.gstatic.com/firebasejs/9.22.1/firebase-auth/cordova.js","auth/react-native":"https://www.gstatic.com/firebasejs/9.22.1/firebase-auth/react-native.js","functions":"https://www.gstatic.com/firebasejs/9.22.1/firebase-functions.js","firestore":"https://www.gstatic.com/firebasejs/9.22.1/firebase-firestore.js","firestore/lite":"https://www.gstatic.com/firebasejs/9.22.1/firebase-firestore/lite.js","installations":"https://www.gstatic.com/firebasejs/9.22.1/firebase-installations.js","storage":"https://www.gstatic.com/firebasejs/9.22.1/firebase-storage.js","performance":"https://www.gstatic.com/firebasejs/9.22.1/firebase-performance.js","remote-config":"https://www.gstatic.com/firebasejs/9.22.1/firebase-remote-config.js","messaging":"https://www.gstatic.com/firebasejs/9.22.1/firebase-messaging.js","messaging/sw":"https://www.gstatic.com/firebasejs/9.22.1/firebase-messaging/sw.js","database":"https://www.gstatic.com/firebasejs/9.22.1/firebase-database.js","firestore.memory":"https://www.gstatic.com/firebasejs/9.22.1/firebase-firestore.memory.js"}}
[info] i  Skipping write of public/index.html 
[info] 
[info] i  Detected a .git folder at /Users/oshanik./Documents/WebDev Angela Yu/Web Development/UbuntuConsultancy 
[info] i  Authorizing with GitHub to upload your service account to a GitHub repository's secrets store. 
[info] 
[info] Visit this URL on this device to log in:
[info] https://github.com/login/oauth/authorize?client_id=89cf50f02ac6aaed3484&state=590423410&redirect_uri=http%3A%2F%2Flocalhost%3A9005&scope=read%3Auser%20repo%20public_repo
[info] 
[info] Waiting for authentication...
[debug] [2023-06-07T19:15:42.350Z] >>> [apiv2][query] POST https://github.com/login/oauth/access_token [none]
[debug] [2023-06-07T19:15:42.354Z] >>> [apiv2][body] POST https://github.com/login/oauth/access_token [stream]
[debug] [2023-06-07T19:15:43.054Z] <<< [apiv2][status] POST https://github.com/login/oauth/access_token 200
[debug] [2023-06-07T19:15:43.060Z] <<< [apiv2][body] POST https://github.com/login/oauth/access_token {"access_token":"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","token_type":"bearer","scope":"read:user,repo"}
[debug] [2023-06-07T19:15:43.087Z] >>> [apiv2][query] GET https://api.github.com/user [none]
[debug] [2023-06-07T19:15:43.711Z] <<< [apiv2][status] GET https://api.github.com/user 200
[debug] [2023-06-07T19:15:43.712Z] <<< [apiv2][body] GET https://api.github.com/user {"login":"Oshanik22","id":64382839,"node_id":"MDQ6VXNlcjY0MzgyODM5","avatar_url":"https://avatars.githubusercontent.com/u/64382839?v=4","gravatar_id":"","url":"https://api.github.com/users/Oshanik22","html_url":"https://github.com/Oshanik22","followers_url":"https://api.github.com/users/Oshanik22/followers","following_url":"https://api.github.com/users/Oshanik22/following{/other_user}","gists_url":"https://api.github.com/users/Oshanik22/gists{/gist_id}","starred_url":"https://api.github.com/users/Oshanik22/starred{/owner}{/repo}","subscriptions_url":"https://api.github.com/users/Oshanik22/subscriptions","organizations_url":"https://api.github.com/users/Oshanik22/orgs","repos_url":"https://api.github.com/users/Oshanik22/repos","events_url":"https://api.github.com/users/Oshanik22/events{/privacy}","received_events_url":"https://api.github.com/users/Oshanik22/received_events","type":"User","site_admin":false,"name":"Oshanik","company":null,"blog":"","location":null,"email":null,"hireable":null,"bio":null,"twitter_username":null,"public_repos":26,"public_gists":0,"followers":1,"following":0,"created_at":"2020-04-26T22:14:23Z","updated_at":"2023-06-07T19:09:28Z","private_gists":0,"total_private_repos":8,"owned_private_repos":8,"disk_usage":41833,"collaborators":0,"two_factor_authentication":false,"plan":{"name":"free","space":976562499,"collaborators":0,"private_repos":10000}}
[info] 
[info] ✔  Success! Logged into GitHub as Oshanik22 
[info] 
